GROUP,PACKAGE,CLASS,INSTRUCTION_MISSED,INSTRUCTION_COVERED,BRANCH_MISSED,BRANCH_COVERED,LINE_MISSED,LINE_COVERED,COMPLEXITY_MISSED,COMPLEXITY_COVERED,METHOD_MISSED,METHOD_COVERED
chapter_001,ru.job4j.array,FindLoop,0,23,0,4,0,7,0,4,0,2
chapter_001,ru.job4j.array,StringContainer,1,117,3,21,1,28,3,12,0,3
chapter_001,ru.job4j.array,Turn,0,65,0,2,0,6,0,3,0,2
chapter_001,ru.job4j.array,ArrayDuplicate,0,121,0,18,0,25,0,12,0,3
chapter_001,ru.job4j.array,Matrix,0,32,0,4,0,7,0,4,0,2
chapter_001,ru.job4j.array,BubbleSort,0,74,0,6,0,8,0,5,0,2
chapter_001,ru.job4j.array,Homework,15,112,3,11,1,18,3,7,0,3
chapter_001,ru.job4j.array,Square,0,25,0,2,0,5,0,3,0,2
chapter_001,ru.job4j.loop,Board,0,49,0,6,0,10,0,5,0,2
chapter_001,ru.job4j.loop,Factorial,0,27,0,6,0,9,0,5,0,2
chapter_001,ru.job4j.loop,Paint,0,215,0,30,0,38,0,24,0,9
chapter_001,ru.job4j.loop,Counter,1,108,3,15,1,25,3,10,0,4
chapter_001,ru.job4j.condition,DummyBot,0,20,0,4,0,8,0,4,0,2
chapter_001,ru.job4j.condition,Point,18,28,0,0,4,5,1,2,1,2
chapter_001,ru.job4j.condition,Triangle,1,94,4,4,0,15,4,4,0,4
chapter_001,ru.job4j,Calculate,4,12,0,0,2,2,1,2,1,2
chapter_001,ru.job4j.max,Max,4,25,1,3,0,3,1,4,0,3
chapter_001,ru.job4j.calculator,Calculator,18,12,0,0,6,4,3,3,3,3
